<?xml version="1.0" encoding="UTF-8"?>
<!-- Generated by org.testng.reporters.JUnitReportReporter -->
<testsuite skipped="0" hostname="Foram" name="MyRunner.TestRunner" tests="3" failures="0" timestamp="26 Aug 2020 11:01:56 GMT" time="266.124" errors="0">
  <testcase name="runScenario" time="88.767" classname="MyRunner.TestRunner"/>
  <testcase name="runScenario" time="88.675" classname="MyRunner.TestRunner"/>
  <testcase name="runScenario" time="88.682" classname="MyRunner.TestRunner"/>
</testsuite> <!-- MyRunner.TestRunner -->
